c:\users\abuba\source\repos\akinsoftmapsystem\akinsoftmapsystem\debug\akinsoftmapsystem.myform.resources
c:\users\abubaker\onedrive\documents\visual studio 2019\akinsoftmapsystem\akinsoftmapsystem\debug\vc143.pdb
c:\users\abubaker\onedrive\documents\visual studio 2019\akinsoftmapsystem\akinsoftmapsystem\debug\.netframework,version=v4.7.2.assemblyattributes.obj
c:\users\abubaker\onedrive\documents\visual studio 2019\akinsoftmapsystem\akinsoftmapsystem\debug\myform.obj
c:\users\abubaker\onedrive\documents\visual studio 2019\akinsoftmapsystem\debug\akinsoftmapsystem.exe
c:\users\abubaker\onedrive\documents\visual studio 2019\akinsoftmapsystem\debug\akinsoftmapsystem.pdb
c:\users\abubaker\onedrive\documents\visual studio 2019\akinsoftmapsystem\akinsoftmapsystem\debug\akinsoftmapsystem.vcxprojassemblyreference.cache
c:\users\abubaker\onedrive\documents\visual studio 2019\akinsoftmapsystem\akinsoftmapsystem\debug\vc142.pdb
c:\users\abubaker\onedrive\documents\visual studio 2019\akinsoftmapsystem\akinsoftmapsystem\debug\akinsoft.795b9ed2.tlog\akinsoftmapsystem.write.1u.tlog
c:\users\abubaker\onedrive\documents\visual studio 2019\akinsoftmapsystem\akinsoftmapsystem\debug\akinsoft.795b9ed2.tlog\cl.command.1.tlog
c:\users\abubaker\onedrive\documents\visual studio 2019\akinsoftmapsystem\akinsoftmapsystem\debug\akinsoft.795b9ed2.tlog\cl.read.1.tlog
c:\users\abubaker\onedrive\documents\visual studio 2019\akinsoftmapsystem\akinsoftmapsystem\debug\akinsoft.795b9ed2.tlog\cl.write.1.tlog
c:\users\abubaker\onedrive\documents\visual studio 2019\akinsoftmapsystem\akinsoftmapsystem\debug\akinsoft.795b9ed2.tlog\link.command.1.tlog
c:\users\abubaker\onedrive\documents\visual studio 2019\akinsoftmapsystem\akinsoftmapsystem\debug\akinsoft.795b9ed2.tlog\link.read.1.tlog
c:\users\abubaker\onedrive\documents\visual studio 2019\akinsoftmapsystem\akinsoftmapsystem\debug\akinsoft.795b9ed2.tlog\link.write.1.tlog
c:\users\abubaker\onedrive\documents\visual studio 2019\akinsoftmapsystem\akinsoftmapsystem\debug\akinsoft.795b9ed2.tlog\metagen.read.1.tlog
c:\users\abubaker\onedrive\documents\visual studio 2019\akinsoftmapsystem\akinsoftmapsystem\debug\akinsoft.795b9ed2.tlog\metagen.write.1.tlog
c:\users\abubaker\onedrive\documents\visual studio 2019\akinsoftmapsystem\akinsoftmapsystem\debug\akinsoft.795b9ed2.tlog\resgen.command.1.tlog
c:\users\abubaker\onedrive\documents\visual studio 2019\akinsoftmapsystem\akinsoftmapsystem\debug\akinsoft.795b9ed2.tlog\resgen.read.1.tlog
c:\users\abubaker\onedrive\documents\visual studio 2019\akinsoftmapsystem\akinsoftmapsystem\debug\akinsoft.795b9ed2.tlog\resgen.write.1.tlog
